1730920927.524427 client started (81487): version 3.5a, socket /tmp/tmux-1000/default, protocol 8
1730920927.524503 on Linux 6.11.5-300.fc41.x86_64 #1 SMP PREEMPT_DYNAMIC Tue Oct 22 20:11:15 UTC 2024
1730920927.524529 using libevent 2.1.12-stable poll
1730920927.524542 using ncurses 6.5 20240629
1730920927.524592 flags are 0x10010000
1730920927.524717 socket is /tmp/tmux-1000/default
1730920927.524765 trying connect
1730920927.524946 add peer 0x558be44c5cb0: 6 ((nil))
1730920927.525733 sending message 111 to peer 0x558be44c5cb0 (8 bytes)
1730920927.525770 sending message 111 to peer 0x558be44c5cb0 (8 bytes)
1730920927.525783 sending message 101 to peer 0x558be44c5cb0 (16 bytes)
1730920927.525795 sending message 109 to peer 0x558be44c5cb0 (4 bytes)
1730920927.525806 sending message 102 to peer 0x558be44c5cb0 (11 bytes)
1730920927.525818 sending message 108 to peer 0x558be44c5cb0 (23 bytes)
1730920927.525830 sending message 112 to peer 0x558be44c5cb0 (70 bytes)
1730920927.525842 sending message 112 to peer 0x558be44c5cb0 (5 bytes)
1730920927.525854 sending message 112 to peer 0x558be44c5cb0 (5 bytes)
1730920927.525866 sending message 112 to peer 0x558be44c5cb0 (6 bytes)
1730920927.525877 sending message 112 to peer 0x558be44c5cb0 (6 bytes)
1730920927.525889 sending message 112 to peer 0x558be44c5cb0 (11 bytes)
1730920927.525900 sending message 112 to peer 0x558be44c5cb0 (10 bytes)
1730920927.525912 sending message 112 to peer 0x558be44c5cb0 (13 bytes)
1730920927.525924 sending message 112 to peer 0x558be44c5cb0 (13 bytes)
1730920927.525935 sending message 112 to peer 0x558be44c5cb0 (18 bytes)
1730920927.525946 sending message 112 to peer 0x558be44c5cb0 (11 bytes)
1730920927.525958 sending message 112 to peer 0x558be44c5cb0 (21 bytes)
1730920927.525969 sending message 112 to peer 0x558be44c5cb0 (13 bytes)
1730920927.525981 sending message 112 to peer 0x558be44c5cb0 (7 bytes)
1730920927.525992 sending message 112 to peer 0x558be44c5cb0 (13 bytes)
1730920927.526004 sending message 112 to peer 0x558be44c5cb0 (7 bytes)
1730920927.526015 sending message 112 to peer 0x558be44c5cb0 (13 bytes)
1730920927.526026 sending message 112 to peer 0x558be44c5cb0 (9 bytes)
1730920927.526038 sending message 112 to peer 0x558be44c5cb0 (21 bytes)
1730920927.526049 sending message 112 to peer 0x558be44c5cb0 (13 bytes)
1730920927.526061 sending message 112 to peer 0x558be44c5cb0 (8 bytes)
1730920927.526072 sending message 112 to peer 0x558be44c5cb0 (12 bytes)
1730920927.526084 sending message 112 to peer 0x558be44c5cb0 (13 bytes)
1730920927.526095 sending message 112 to peer 0x558be44c5cb0 (9 bytes)
1730920927.526106 sending message 112 to peer 0x558be44c5cb0 (9 bytes)
1730920927.526118 sending message 112 to peer 0x558be44c5cb0 (12 bytes)
1730920927.526129 sending message 112 to peer 0x558be44c5cb0 (8 bytes)
1730920927.526141 sending message 112 to peer 0x558be44c5cb0 (7 bytes)
1730920927.526152 sending message 112 to peer 0x558be44c5cb0 (7 bytes)
1730920927.526164 sending message 112 to peer 0x558be44c5cb0 (9 bytes)
1730920927.526175 sending message 112 to peer 0x558be44c5cb0 (13 bytes)
1730920927.526186 sending message 112 to peer 0x558be44c5cb0 (9 bytes)
1730920927.526198 sending message 112 to peer 0x558be44c5cb0 (15 bytes)
1730920927.526209 sending message 112 to peer 0x558be44c5cb0 (13 bytes)
1730920927.526221 sending message 112 to peer 0x558be44c5cb0 (12 bytes)
1730920927.526232 sending message 112 to peer 0x558be44c5cb0 (8 bytes)
1730920927.526244 sending message 112 to peer 0x558be44c5cb0 (14 bytes)
1730920927.526255 sending message 112 to peer 0x558be44c5cb0 (9 bytes)
1730920927.526267 sending message 112 to peer 0x558be44c5cb0 (10 bytes)
1730920927.526278 sending message 112 to peer 0x558be44c5cb0 (10 bytes)
1730920927.526320 sending message 112 to peer 0x558be44c5cb0 (10 bytes)
1730920927.526337 sending message 112 to peer 0x558be44c5cb0 (10 bytes)
1730920927.526348 sending message 112 to peer 0x558be44c5cb0 (11 bytes)
1730920927.526360 sending message 112 to peer 0x558be44c5cb0 (10 bytes)
1730920927.526371 sending message 112 to peer 0x558be44c5cb0 (8 bytes)
1730920927.526416 sending message 112 to peer 0x558be44c5cb0 (11 bytes)
1730920927.526433 sending message 112 to peer 0x558be44c5cb0 (11 bytes)
1730920927.526445 sending message 112 to peer 0x558be44c5cb0 (11 bytes)
1730920927.526457 sending message 112 to peer 0x558be44c5cb0 (8 bytes)
1730920927.526469 sending message 112 to peer 0x558be44c5cb0 (8 bytes)
1730920927.526481 sending message 112 to peer 0x558be44c5cb0 (8 bytes)
1730920927.526493 sending message 112 to peer 0x558be44c5cb0 (10 bytes)
1730920927.526505 sending message 112 to peer 0x558be44c5cb0 (10 bytes)
1730920927.526517 sending message 112 to peer 0x558be44c5cb0 (10 bytes)
1730920927.526529 sending message 112 to peer 0x558be44c5cb0 (10 bytes)
1730920927.526541 sending message 112 to peer 0x558be44c5cb0 (10 bytes)
1730920927.526553 sending message 112 to peer 0x558be44c5cb0 (11 bytes)
1730920927.526564 sending message 112 to peer 0x558be44c5cb0 (11 bytes)
1730920927.526576 sending message 112 to peer 0x558be44c5cb0 (10 bytes)
1730920927.526588 sending message 112 to peer 0x558be44c5cb0 (9 bytes)
1730920927.526600 sending message 112 to peer 0x558be44c5cb0 (9 bytes)
1730920927.526612 sending message 112 to peer 0x558be44c5cb0 (12 bytes)
1730920927.526624 sending message 112 to peer 0x558be44c5cb0 (9 bytes)
1730920927.526635 sending message 112 to peer 0x558be44c5cb0 (6 bytes)
1730920927.526647 sending message 112 to peer 0x558be44c5cb0 (13 bytes)
1730920927.526659 sending message 112 to peer 0x558be44c5cb0 (8 bytes)
1730920927.526671 sending message 112 to peer 0x558be44c5cb0 (15 bytes)
1730920927.526683 sending message 112 to peer 0x558be44c5cb0 (13 bytes)
1730920927.526695 sending message 112 to peer 0x558be44c5cb0 (70 bytes)
1730920927.526708 sending message 112 to peer 0x558be44c5cb0 (69 bytes)
1730920927.526720 sending message 112 to peer 0x558be44c5cb0 (10 bytes)
1730920927.526732 sending message 112 to peer 0x558be44c5cb0 (8 bytes)
1730920927.526744 sending message 112 to peer 0x558be44c5cb0 (15 bytes)
1730920927.526756 sending message 112 to peer 0x558be44c5cb0 (13 bytes)
1730920927.526768 sending message 112 to peer 0x558be44c5cb0 (10 bytes)
1730920927.526780 sending message 112 to peer 0x558be44c5cb0 (10 bytes)
1730920927.526792 sending message 112 to peer 0x558be44c5cb0 (5 bytes)
1730920927.526803 sending message 112 to peer 0x558be44c5cb0 (15 bytes)
1730920927.526818 sending message 104 to peer 0x558be44c5cb0 (0 bytes)
1730920927.526833 sending message 110 to peer 0x558be44c5cb0 (0 bytes)
1730920927.526847 sending message 107 to peer 0x558be44c5cb0 (4 bytes)
1730920927.526859 sending message 105 to peer 0x558be44c5cb0 (11 bytes)
1730920927.526871 sending message 105 to peer 0x558be44c5cb0 (32 bytes)
1730920927.526883 sending message 105 to peer 0x558be44c5cb0 (78 bytes)
1730920927.526896 sending message 105 to peer 0x558be44c5cb0 (20 bytes)
1730920927.526908 sending message 105 to peer 0x558be44c5cb0 (8 bytes)
1730920927.526920 sending message 105 to peer 0x558be44c5cb0 (62 bytes)
1730920927.526932 sending message 105 to peer 0x558be44c5cb0 (33 bytes)
1730920927.526945 sending message 105 to peer 0x558be44c5cb0 (23 bytes)
1730920927.526957 sending message 105 to peer 0x558be44c5cb0 (26 bytes)
1730920927.526969 sending message 105 to peer 0x558be44c5cb0 (36 bytes)
1730920927.526981 sending message 105 to peer 0x558be44c5cb0 (19 bytes)
1730920927.526993 sending message 105 to peer 0x558be44c5cb0 (20 bytes)
1730920927.527005 sending message 105 to peer 0x558be44c5cb0 (41 bytes)
1730920927.527017 sending message 105 to peer 0x558be44c5cb0 (51 bytes)
1730920927.527029 sending message 105 to peer 0x558be44c5cb0 (54 bytes)
1730920927.527041 sending message 105 to peer 0x558be44c5cb0 (20 bytes)
1730920927.527053 sending message 105 to peer 0x558be44c5cb0 (22 bytes)
1730920927.527065 sending message 105 to peer 0x558be44c5cb0 (16 bytes)
1730920927.527077 sending message 105 to peer 0x558be44c5cb0 (30 bytes)
1730920927.527089 sending message 105 to peer 0x558be44c5cb0 (19 bytes)
1730920927.527101 sending message 105 to peer 0x558be44c5cb0 (12 bytes)
1730920927.527130 sending message 105 to peer 0x558be44c5cb0 (27 bytes)
1730920927.527144 sending message 105 to peer 0x558be44c5cb0 (26 bytes)
1730920927.527172 sending message 105 to peer 0x558be44c5cb0 (16 bytes)
1730920927.527185 sending message 105 to peer 0x558be44c5cb0 (25 bytes)
1730920927.527197 sending message 105 to peer 0x558be44c5cb0 (22 bytes)
1730920927.527209 sending message 105 to peer 0x558be44c5cb0 (54 bytes)
1730920927.527221 sending message 105 to peer 0x558be44c5cb0 (60 bytes)
1730920927.527233 sending message 105 to peer 0x558be44c5cb0 (15 bytes)
1730920927.527245 sending message 105 to peer 0x558be44c5cb0 (21 bytes)
1730920927.527257 sending message 105 to peer 0x558be44c5cb0 (19 bytes)
1730920927.527268 sending message 105 to peer 0x558be44c5cb0 (17 bytes)
1730920927.527328 sending message 105 to peer 0x558be44c5cb0 (17 bytes)
1730920927.527353 sending message 105 to peer 0x558be44c5cb0 (1905 bytes)
1730920927.527399 sending message 105 to peer 0x558be44c5cb0 (26 bytes)
1730920927.527413 sending message 105 to peer 0x558be44c5cb0 (155 bytes)
1730920927.527425 sending message 105 to peer 0x558be44c5cb0 (26 bytes)
1730920927.527437 sending message 105 to peer 0x558be44c5cb0 (18 bytes)
1730920927.527449 sending message 105 to peer 0x558be44c5cb0 (47 bytes)
1730920927.527461 sending message 105 to peer 0x558be44c5cb0 (16 bytes)
1730920927.527473 sending message 105 to peer 0x558be44c5cb0 (27 bytes)
1730920927.527485 sending message 105 to peer 0x558be44c5cb0 (73 bytes)
1730920927.527498 sending message 105 to peer 0x558be44c5cb0 (23 bytes)
1730920927.527510 sending message 105 to peer 0x558be44c5cb0 (23 bytes)
1730920927.527522 sending message 105 to peer 0x558be44c5cb0 (35 bytes)
1730920927.527534 sending message 105 to peer 0x558be44c5cb0 (21 bytes)
1730920927.527546 sending message 105 to peer 0x558be44c5cb0 (35 bytes)
1730920927.527559 sending message 105 to peer 0x558be44c5cb0 (13 bytes)
1730920927.527571 sending message 105 to peer 0x558be44c5cb0 (13 bytes)
1730920927.527583 sending message 105 to peer 0x558be44c5cb0 (12 bytes)
1730920927.527594 sending message 105 to peer 0x558be44c5cb0 (11 bytes)
1730920927.527606 sending message 105 to peer 0x558be44c5cb0 (8 bytes)
1730920927.527618 sending message 105 to peer 0x558be44c5cb0 (14 bytes)
1730920927.527630 sending message 105 to peer 0x558be44c5cb0 (11 bytes)
1730920927.527642 sending message 105 to peer 0x558be44c5cb0 (18 bytes)
1730920927.527654 sending message 105 to peer 0x558be44c5cb0 (21 bytes)
1730920927.527667 sending message 105 to peer 0x558be44c5cb0 (31 bytes)
1730920927.527678 sending message 105 to peer 0x558be44c5cb0 (55 bytes)
1730920927.527691 sending message 105 to peer 0x558be44c5cb0 (23 bytes)
1730920927.527703 sending message 105 to peer 0x558be44c5cb0 (147 bytes)
1730920927.527716 sending message 105 to peer 0x558be44c5cb0 (124 bytes)
1730920927.527728 sending message 105 to peer 0x558be44c5cb0 (17 bytes)
1730920927.527740 sending message 105 to peer 0x558be44c5cb0 (24 bytes)
1730920927.527752 sending message 105 to peer 0x558be44c5cb0 (54 bytes)
1730920927.527764 sending message 105 to peer 0x558be44c5cb0 (29 bytes)
1730920927.527776 sending message 105 to peer 0x558be44c5cb0 (53 bytes)
1730920927.527788 sending message 105 to peer 0x558be44c5cb0 (29 bytes)
1730920927.527800 sending message 105 to peer 0x558be44c5cb0 (40 bytes)
1730920927.527812 sending message 105 to peer 0x558be44c5cb0 (36 bytes)
1730920927.527824 sending message 105 to peer 0x558be44c5cb0 (21 bytes)
1730920927.527836 sending message 105 to peer 0x558be44c5cb0 (18 bytes)
1730920927.527848 sending message 105 to peer 0x558be44c5cb0 (16 bytes)
1730920927.527860 sending message 106 to peer 0x558be44c5cb0 (0 bytes)
1730920927.527960 sending message 200 to peer 0x558be44c5cb0 (4 bytes)
1730920927.527978 client loop enter
1730920927.529485 peer 0x558be44c5cb0 message 303
1730920927.529526 open write file 2 -
1730920927.529550 sending message 305 to peer 0x558be44c5cb0 (8 bytes)
1730920927.529597 write check file 2
1730920927.529861 peer 0x558be44c5cb0 message 304
1730920927.529906 write 58 to file 2
1730920927.529922 peer 0x558be44c5cb0 message 203
1730920927.529932 file 2 58 bytes left
1730920927.529965 write check file 2
1730920927.529982 client loop exit
